*** Using Compiler 'V5.06 update 7 (build 960)', folder: 'D:\Program_Programming\Keil_v5\ARM\ARMCC\Bin'
Build target 'TOUCH'
compiling pipe.c...
compiling pin.c...
compiling backtrace.c...
compiling showmem.c...
compiling waitqueue.c...
compiling ringblk_buf.c...
compiling completion.c...
compiling ringbuffer.c...
compiling dataqueue.c...
compiling serial.c...
compiling cpuport.c...
compiling components.c...
compiling clock.c...
compiling workqueue.c...
compiling idle.c...
compiling device.c...
compiling irq.c...
compiling mempool.c...
compiling mem.c...
compiling kservice.c...
compiling object.c...
compiling ipc.c...
compiling scheduler.c...
compiling signal.c...
compiling thread.c...
compiling timer.c...
compiling shell.c...
compiling board.c...
compiling msh.c...
compiling cmd.c...
compiling drv_common.c...
compiling drv_gpio.c...
compiling drv_usart.c...
compiling usmart_str.c...
compiling usmart.c...
compiling usmart_config.c...
compiling usart.c...
compiling donut.c...
compiling SEGGER_RTT_Device.c...
compiling SEGGER_SYSVIEW_Config_RTThread.c...
compiling SEGGER_RTT.c...
compiling SEGGER_SYSVIEW_RTThread.c...
compiling SEGGER_SYSVIEW.c...
compiling led.c...
compiling lv_port_indev.c...
compiling lv_port_disp.c...
compiling key.c...
compiling touch.c...
compiling sram.c...
compiling dht11.c...
compiling rtc.c...
compiling timerout.c...
compiling lcd.c...
compiling dht22.c...
compiling myiic.c...
compiling ott2001a.c...
compiling ctiic.c...
compiling 24cxx.c...
compiling signal_led.c...
compiling ft5206.c...
compiling gt9147.c...
compiling app.c...
compiling calendar_win.c...
compiling menu.c...
compiling chart_win.c...
compiling gauge_win.c...
compiling login_win.c...
compiling progress_win.c...
compiling main_win.c...
compiling main.c...
compiling stm32f4xx_hal_msp.c...
compiling stm32f4xx_it.c...
linking...
Program Size: Code=208340 RO-data=73156 RW-data=2380 ZI-data=56124  
"./.rtt-studio/Debug\rtthread.axf" - 0 Error(s), 0 Warning(s).
Build Time Elapsed:  00:00:06
==================== fromelf log ====================
==================== axf2elf log ====================
objcopy.exe --update-section ER_IROM1="B:\YLDS\Current_Work\5.Embedded_system\1.Project\EX_LAST\demo\USER\.rtt-studio\Debug\rtthread.bin" "B:\YLDS\Current_Work\5.Embedded_system\1.Project\EX_LAST\demo\USER\.rtt-studio\Debug\rtthread.axf" "B:\YLDS\Current_Work\5.Embedded_system\1.Project\EX_LAST\demo\USER\.rtt-studio\Debug\rtthread.elf"

objcopy.exe: B:\YLDS\Current_Work\5.Embedded_system\1.Project\EX_LAST\demo\USER\.rtt-studio\Debug\rtthread.elf: warning: allocated section `RW_IRAM1' not in segment

